  Board.cpp
D:\Projects\ChessGame Project\ChessGame Project\Board.cpp(192,23): warning C4244: '=': conversion from 'double' to 'int', possible loss of data
D:\Projects\ChessGame Project\ChessGame Project\Board.cpp(193,24): warning C4244: '=': conversion from 'double' to 'int', possible loss of data
D:\Projects\ChessGame Project\ChessGame Project\Board.cpp(253,23): warning C4244: '=': conversion from 'double' to 'int', possible loss of data
D:\Projects\ChessGame Project\ChessGame Project\Board.cpp(254,24): warning C4244: '=': conversion from 'double' to 'int', possible loss of data
D:\Projects\ChessGame Project\ChessGame Project\Board.cpp(606,20): warning C4018: '<': signed/unsigned mismatch
D:\Projects\ChessGame Project\ChessGame Project\Board.cpp(627,20): warning C4018: '<': signed/unsigned mismatch
D:\Projects\ChessGame Project\ChessGame Project\Board.cpp(686,20): warning C4018: '<': signed/unsigned mismatch
D:\Projects\ChessGame Project\ChessGame Project\Board.cpp(897,20): warning C4018: '<': signed/unsigned mismatch
D:\Projects\ChessGame Project\ChessGame Project\Board.cpp(908,20): warning C4018: '<': signed/unsigned mismatch
D:\Projects\ChessGame Project\ChessGame Project\Board.cpp(991,20): warning C4018: '<': signed/unsigned mismatch
D:\Projects\ChessGame Project\ChessGame Project\Board.cpp(1093,20): warning C4018: '<': signed/unsigned mismatch
  BoardState.cpp
  Game.cpp
  Piece.cpp
  Window.cpp
D:\Projects\ChessGame Project\ChessGame Project\Window.cpp(124,30): warning C4244: '=': conversion from 'Uint32' to 'float', possible loss of data
D:\Projects\ChessGame Project\ChessGame Project\Window.cpp(127,27): warning C4244: 'argument': conversion from 'double' to 'float', possible loss of data
D:\Projects\ChessGame Project\ChessGame Project\Window.cpp(192,20): warning C4244: '=': conversion from 'double' to 'int', possible loss of data
D:\Projects\ChessGame Project\ChessGame Project\Window.cpp(195,20): warning C4244: '=': conversion from 'double' to 'int', possible loss of data
  main.cpp
D:\Projects\ChessGame Project\ChessGame Project\main.cpp(8,12): warning C4244: 'argument': conversion from 'time_t' to 'unsigned int', possible loss of data
  Generating Code...
  ChessGame Project.vcxproj -> D:\Projects\ChessGame Project\Debug\ChessGame Project.exe
